[2025-08-11T09:09:19.329Z] Attempt 1 to scrape https://www.amar.org.ir
[2025-08-11T09:09:19.491Z] Navigating to https://amar.org.ir/ with waitUntil=domcontentloaded
[2025-08-11T09:09:20.622Z] ERROR: Navigation failed for https://amar.org.ir/ (domcontentloaded): page.goto: net::ERR_CONNECTION_CLOSED at https://amar.org.ir/
Call log:
[2m  - navigating to "https://amar.org.ir/", waiting until "domcontentloaded"[22m

[2025-08-11T09:09:21.122Z] Navigating to https://amar.org.ir/ with waitUntil=load
[2025-08-11T09:09:21.770Z] ERROR: Navigation failed for https://amar.org.ir/ (load): page.goto: net::ERR_CONNECTION_CLOSED at https://amar.org.ir/
Call log:
[2m  - navigating to "https://amar.org.ir/", waiting until "load"[22m

[2025-08-11T09:09:22.270Z] Navigating to https://amar.org.ir/ with waitUntil=networkidle
[2025-08-11T09:09:52.270Z] ERROR: Navigation failed for https://amar.org.ir/ (networkidle): page.goto: Timeout 30000ms exceeded.
Call log:
[2m  - navigating to "https://amar.org.ir/", waiting until "networkidle"[22m

[2025-08-11T09:09:52.771Z] Navigating to https://www.amar.org.ir/ with waitUntil=domcontentloaded
[2025-08-11T09:09:53.967Z] ERROR: Navigation failed for https://www.amar.org.ir/ (domcontentloaded): page.goto: net::ERR_CONNECTION_CLOSED at https://www.amar.org.ir/
Call log:
[2m  - navigating to "https://www.amar.org.ir/", waiting until "domcontentloaded"[22m

[2025-08-11T09:09:54.468Z] Navigating to https://www.amar.org.ir/ with waitUntil=load
[2025-08-11T09:10:24.469Z] ERROR: Navigation failed for https://www.amar.org.ir/ (load): page.goto: Timeout 30000ms exceeded.
Call log:
[2m  - navigating to "https://www.amar.org.ir/", waiting until "load"[22m

[2025-08-11T09:10:24.968Z] Navigating to https://www.amar.org.ir/ with waitUntil=networkidle
[2025-08-11T09:10:25.641Z] ERROR: Navigation failed for https://www.amar.org.ir/ (networkidle): page.goto: net::ERR_CONNECTION_RESET at https://www.amar.org.ir/
Call log:
[2m  - navigating to "https://www.amar.org.ir/", waiting until "networkidle"[22m

[2025-08-11T09:10:26.140Z] Navigating to http://amar.org.ir/ with waitUntil=domcontentloaded
[2025-08-11T09:10:27.213Z] ERROR: Navigation failed for http://amar.org.ir/ (domcontentloaded): page.goto: net::ERR_EMPTY_RESPONSE at http://amar.org.ir/
Call log:
[2m  - navigating to "http://amar.org.ir/", waiting until "domcontentloaded"[22m

[2025-08-11T09:10:27.714Z] Navigating to http://amar.org.ir/ with waitUntil=load
[2025-08-11T09:10:28.046Z] ERROR: Navigation failed for http://amar.org.ir/ (load): page.goto: net::ERR_EMPTY_RESPONSE at http://amar.org.ir/
Call log:
[2m  - navigating to "http://amar.org.ir/", waiting until "load"[22m

[2025-08-11T09:10:28.546Z] Navigating to http://amar.org.ir/ with waitUntil=networkidle
[2025-08-11T09:10:28.910Z] ERROR: Navigation failed for http://amar.org.ir/ (networkidle): page.goto: net::ERR_EMPTY_RESPONSE at http://amar.org.ir/
Call log:
[2m  - navigating to "http://amar.org.ir/", waiting until "networkidle"[22m

[2025-08-11T09:10:29.410Z] Navigating to http://www.amar.org.ir/ with waitUntil=domcontentloaded
[2025-08-11T09:10:30.474Z] ERROR: Navigation failed for http://www.amar.org.ir/ (domcontentloaded): page.goto: net::ERR_EMPTY_RESPONSE at http://www.amar.org.ir/
Call log:
[2m  - navigating to "http://www.amar.org.ir/", waiting until "domcontentloaded"[22m

[2025-08-11T09:10:30.975Z] Navigating to http://www.amar.org.ir/ with waitUntil=load
[2025-08-11T09:10:31.309Z] ERROR: Navigation failed for http://www.amar.org.ir/ (load): page.goto: net::ERR_EMPTY_RESPONSE at http://www.amar.org.ir/
Call log:
[2m  - navigating to "http://www.amar.org.ir/", waiting until "load"[22m

[2025-08-11T09:10:31.809Z] Navigating to http://www.amar.org.ir/ with waitUntil=networkidle
[2025-08-11T09:10:32.154Z] ERROR: Navigation failed for http://www.amar.org.ir/ (networkidle): page.goto: net::ERR_EMPTY_RESPONSE at http://www.amar.org.ir/
Call log:
[2m  - navigating to "http://www.amar.org.ir/", waiting until "networkidle"[22m

[2025-08-11T09:10:32.654Z] Navigating to https://www.amar.org.ir with waitUntil=domcontentloaded
[2025-08-11T09:10:33.341Z] ERROR: Navigation failed for https://www.amar.org.ir (domcontentloaded): page.goto: net::ERR_CONNECTION_CLOSED at https://www.amar.org.ir/
Call log:
[2m  - navigating to "https://www.amar.org.ir/", waiting until "domcontentloaded"[22m

[2025-08-11T09:10:33.841Z] Navigating to https://www.amar.org.ir with waitUntil=load
[2025-08-11T09:10:34.519Z] ERROR: Navigation failed for https://www.amar.org.ir (load): page.goto: net::ERR_CONNECTION_CLOSED at https://www.amar.org.ir/
Call log:
[2m  - navigating to "https://www.amar.org.ir/", waiting until "load"[22m

[2025-08-11T09:10:35.019Z] Navigating to https://www.amar.org.ir with waitUntil=networkidle
[2025-08-11T09:10:35.705Z] ERROR: Navigation failed for https://www.amar.org.ir (networkidle): page.goto: net::ERR_CONNECTION_CLOSED at https://www.amar.org.ir/
Call log:
[2m  - navigating to "https://www.amar.org.ir/", waiting until "networkidle"[22m

[2025-08-11T09:10:36.205Z] ERROR: Attempt 1 failed: All navigation attempts failed for https://www.amar.org.ir
[2025-08-11T09:10:38.218Z] Attempt 2 to scrape https://www.amar.org.ir
[2025-08-11T09:10:38.288Z] Navigating to https://amar.org.ir/ with waitUntil=domcontentloaded
[2025-08-11T09:10:39.378Z] ERROR: Navigation failed for https://amar.org.ir/ (domcontentloaded): page.goto: net::ERR_CONNECTION_CLOSED at https://amar.org.ir/
Call log:
[2m  - navigating to "https://amar.org.ir/", waiting until "domcontentloaded"[22m

[2025-08-11T09:10:39.879Z] Navigating to https://amar.org.ir/ with waitUntil=load
[2025-08-11T09:10:40.544Z] ERROR: Navigation failed for https://amar.org.ir/ (load): page.goto: net::ERR_CONNECTION_CLOSED at https://amar.org.ir/
Call log:
[2m  - navigating to "https://amar.org.ir/", waiting until "load"[22m

[2025-08-11T09:10:41.044Z] Navigating to https://amar.org.ir/ with waitUntil=networkidle
[2025-08-11T09:10:41.727Z] ERROR: Navigation failed for https://amar.org.ir/ (networkidle): page.goto: net::ERR_CONNECTION_CLOSED at https://amar.org.ir/
Call log:
[2m  - navigating to "https://amar.org.ir/", waiting until "networkidle"[22m

[2025-08-11T09:10:42.228Z] Navigating to https://www.amar.org.ir/ with waitUntil=domcontentloaded
[2025-08-11T09:10:43.415Z] ERROR: Navigation failed for https://www.amar.org.ir/ (domcontentloaded): page.goto: net::ERR_CONNECTION_CLOSED at https://www.amar.org.ir/
Call log:
[2m  - navigating to "https://www.amar.org.ir/", waiting until "domcontentloaded"[22m

[2025-08-11T09:10:43.915Z] Navigating to https://www.amar.org.ir/ with waitUntil=load
[2025-08-11T09:10:44.622Z] ERROR: Navigation failed for https://www.amar.org.ir/ (load): page.goto: net::ERR_CONNECTION_CLOSED at https://www.amar.org.ir/
Call log:
[2m  - navigating to "https://www.amar.org.ir/", waiting until "load"[22m

[2025-08-11T09:10:45.122Z] Navigating to https://www.amar.org.ir/ with waitUntil=networkidle
[2025-08-11T09:10:46.058Z] ERROR: Navigation failed for https://www.amar.org.ir/ (networkidle): page.goto: net::ERR_CONNECTION_CLOSED at https://www.amar.org.ir/
Call log:
[2m  - navigating to "https://www.amar.org.ir/", waiting until "networkidle"[22m

[2025-08-11T09:10:46.559Z] Navigating to http://amar.org.ir/ with waitUntil=domcontentloaded
[2025-08-11T09:10:46.908Z] ERROR: Navigation failed for http://amar.org.ir/ (domcontentloaded): page.goto: net::ERR_EMPTY_RESPONSE at http://amar.org.ir/
Call log:
[2m  - navigating to "http://amar.org.ir/", waiting until "domcontentloaded"[22m

[2025-08-11T09:10:47.408Z] Navigating to http://amar.org.ir/ with waitUntil=load
[2025-08-11T09:10:47.754Z] ERROR: Navigation failed for http://amar.org.ir/ (load): page.goto: net::ERR_EMPTY_RESPONSE at http://amar.org.ir/
Call log:
[2m  - navigating to "http://amar.org.ir/", waiting until "load"[22m

[2025-08-11T09:10:48.253Z] Navigating to http://amar.org.ir/ with waitUntil=networkidle
[2025-08-11T09:10:48.596Z] ERROR: Navigation failed for http://amar.org.ir/ (networkidle): page.goto: net::ERR_EMPTY_RESPONSE at http://amar.org.ir/
Call log:
[2m  - navigating to "http://amar.org.ir/", waiting until "networkidle"[22m

[2025-08-11T09:10:49.096Z] Navigating to http://www.amar.org.ir/ with waitUntil=domcontentloaded
[2025-08-11T09:10:49.618Z] ERROR: Navigation failed for http://www.amar.org.ir/ (domcontentloaded): page.goto: net::ERR_EMPTY_RESPONSE at http://www.amar.org.ir/
Call log:
[2m  - navigating to "http://www.amar.org.ir/", waiting until "domcontentloaded"[22m

[2025-08-11T09:10:50.117Z] Navigating to http://www.amar.org.ir/ with waitUntil=load
[2025-08-11T09:10:50.700Z] ERROR: Navigation failed for http://www.amar.org.ir/ (load): page.goto: net::ERR_EMPTY_RESPONSE at http://www.amar.org.ir/
Call log:
[2m  - navigating to "http://www.amar.org.ir/", waiting until "load"[22m

[2025-08-11T09:10:51.200Z] Navigating to http://www.amar.org.ir/ with waitUntil=networkidle
[2025-08-11T09:10:51.544Z] ERROR: Navigation failed for http://www.amar.org.ir/ (networkidle): page.goto: net::ERR_EMPTY_RESPONSE at http://www.amar.org.ir/
Call log:
[2m  - navigating to "http://www.amar.org.ir/", waiting until "networkidle"[22m

[2025-08-11T09:10:52.045Z] Navigating to https://www.amar.org.ir with waitUntil=domcontentloaded
[2025-08-11T09:10:52.719Z] ERROR: Navigation failed for https://www.amar.org.ir (domcontentloaded): page.goto: net::ERR_CONNECTION_CLOSED at https://www.amar.org.ir/
Call log:
[2m  - navigating to "https://www.amar.org.ir/", waiting until "domcontentloaded"[22m

[2025-08-11T09:10:53.220Z] Navigating to https://www.amar.org.ir with waitUntil=load
[2025-08-11T09:11:23.220Z] ERROR: Navigation failed for https://www.amar.org.ir (load): page.goto: Timeout 30000ms exceeded.
Call log:
[2m  - navigating to "https://www.amar.org.ir/", waiting until "load"[22m

[2025-08-11T09:11:23.720Z] Navigating to https://www.amar.org.ir with waitUntil=networkidle
[2025-08-11T09:11:53.719Z] ERROR: Navigation failed for https://www.amar.org.ir (networkidle): page.goto: Timeout 30000ms exceeded.
Call log:
[2m  - navigating to "https://www.amar.org.ir/", waiting until "networkidle"[22m

[2025-08-11T09:11:54.220Z] ERROR: Attempt 2 failed: All navigation attempts failed for https://www.amar.org.ir
[2025-08-11T09:11:56.235Z] Attempt 3 to scrape https://www.amar.org.ir
[2025-08-11T09:11:56.304Z] Navigating to https://amar.org.ir/ with waitUntil=domcontentloaded
[2025-08-11T09:11:57.406Z] ERROR: Navigation failed for https://amar.org.ir/ (domcontentloaded): page.goto: net::ERR_CONNECTION_CLOSED at https://amar.org.ir/
Call log:
[2m  - navigating to "https://amar.org.ir/", waiting until "domcontentloaded"[22m

[2025-08-11T09:11:57.906Z] Navigating to https://amar.org.ir/ with waitUntil=load
[2025-08-11T09:11:58.859Z] ERROR: Navigation failed for https://amar.org.ir/ (load): page.goto: net::ERR_CONNECTION_CLOSED at https://amar.org.ir/
Call log:
[2m  - navigating to "https://amar.org.ir/", waiting until "load"[22m

[2025-08-11T09:11:59.359Z] Navigating to https://amar.org.ir/ with waitUntil=networkidle
[2025-08-11T09:12:29.359Z] ERROR: Navigation failed for https://amar.org.ir/ (networkidle): page.goto: Timeout 30000ms exceeded.
Call log:
[2m  - navigating to "https://amar.org.ir/", waiting until "networkidle"[22m

[2025-08-11T09:12:29.859Z] Navigating to https://www.amar.org.ir/ with waitUntil=domcontentloaded
[2025-08-11T09:12:31.032Z] ERROR: Navigation failed for https://www.amar.org.ir/ (domcontentloaded): page.goto: net::ERR_CONNECTION_CLOSED at https://www.amar.org.ir/
Call log:
[2m  - navigating to "https://www.amar.org.ir/", waiting until "domcontentloaded"[22m

[2025-08-11T09:12:31.531Z] Navigating to https://www.amar.org.ir/ with waitUntil=load
[2025-08-11T09:12:32.201Z] ERROR: Navigation failed for https://www.amar.org.ir/ (load): page.goto: net::ERR_CONNECTION_CLOSED at https://www.amar.org.ir/
Call log:
[2m  - navigating to "https://www.amar.org.ir/", waiting until "load"[22m

[2025-08-11T09:12:32.702Z] Navigating to https://www.amar.org.ir/ with waitUntil=networkidle
[2025-08-11T09:13:02.702Z] ERROR: Navigation failed for https://www.amar.org.ir/ (networkidle): page.goto: Timeout 30000ms exceeded.
Call log:
[2m  - navigating to "https://www.amar.org.ir/", waiting until "networkidle"[22m

[2025-08-11T09:13:03.202Z] Navigating to http://amar.org.ir/ with waitUntil=domcontentloaded
[2025-08-11T09:13:04.032Z] ERROR: Navigation failed for http://amar.org.ir/ (domcontentloaded): page.goto: net::ERR_EMPTY_RESPONSE at http://amar.org.ir/
Call log:
[2m  - navigating to "http://amar.org.ir/", waiting until "domcontentloaded"[22m

[2025-08-11T09:13:04.532Z] Navigating to http://amar.org.ir/ with waitUntil=load
[2025-08-11T09:13:05.128Z] ERROR: Navigation failed for http://amar.org.ir/ (load): page.goto: net::ERR_EMPTY_RESPONSE at http://amar.org.ir/
Call log:
[2m  - navigating to "http://amar.org.ir/", waiting until "load"[22m

[2025-08-11T09:13:05.628Z] Navigating to http://amar.org.ir/ with waitUntil=networkidle
[2025-08-11T09:13:05.961Z] ERROR: Navigation failed for http://amar.org.ir/ (networkidle): page.goto: net::ERR_EMPTY_RESPONSE at http://amar.org.ir/
Call log:
[2m  - navigating to "http://amar.org.ir/", waiting until "networkidle"[22m

[2025-08-11T09:13:06.461Z] Navigating to http://www.amar.org.ir/ with waitUntil=domcontentloaded
[2025-08-11T09:13:07.330Z] ERROR: Navigation failed for http://www.amar.org.ir/ (domcontentloaded): page.goto: net::ERR_EMPTY_RESPONSE at http://www.amar.org.ir/
Call log:
[2m  - navigating to "http://www.amar.org.ir/", waiting until "domcontentloaded"[22m

[2025-08-11T09:13:07.830Z] Navigating to http://www.amar.org.ir/ with waitUntil=load
[2025-08-11T09:13:08.166Z] ERROR: Navigation failed for http://www.amar.org.ir/ (load): page.goto: net::ERR_EMPTY_RESPONSE at http://www.amar.org.ir/
Call log:
[2m  - navigating to "http://www.amar.org.ir/", waiting until "load"[22m

[2025-08-11T09:13:08.665Z] Navigating to http://www.amar.org.ir/ with waitUntil=networkidle
[2025-08-11T09:13:09.012Z] ERROR: Navigation failed for http://www.amar.org.ir/ (networkidle): page.goto: net::ERR_EMPTY_RESPONSE at http://www.amar.org.ir/
Call log:
[2m  - navigating to "http://www.amar.org.ir/", waiting until "networkidle"[22m

[2025-08-11T09:13:09.511Z] Navigating to https://www.amar.org.ir with waitUntil=domcontentloaded
[2025-08-11T09:13:10.188Z] ERROR: Navigation failed for https://www.amar.org.ir (domcontentloaded): page.goto: net::ERR_CONNECTION_CLOSED at https://www.amar.org.ir/
Call log:
[2m  - navigating to "https://www.amar.org.ir/", waiting until "domcontentloaded"[22m

[2025-08-11T09:13:10.689Z] Navigating to https://www.amar.org.ir with waitUntil=load
[2025-08-11T09:13:40.690Z] ERROR: Navigation failed for https://www.amar.org.ir (load): page.goto: Timeout 30000ms exceeded.
Call log:
[2m  - navigating to "https://www.amar.org.ir/", waiting until "load"[22m

[2025-08-11T09:13:41.190Z] Navigating to https://www.amar.org.ir with waitUntil=networkidle
[2025-08-11T09:13:42.032Z] ERROR: Navigation failed for https://www.amar.org.ir (networkidle): page.goto: net::ERR_CONNECTION_CLOSED at https://www.amar.org.ir/
Call log:
[2m  - navigating to "https://www.amar.org.ir/", waiting until "networkidle"[22m

[2025-08-11T09:13:42.532Z] ERROR: Attempt 3 failed: All navigation attempts failed for https://www.amar.org.ir
[2025-08-11T09:13:42.545Z] Finished scraping https://www.amar.org.ir with status RETRYING in 263216ms
