[2025-08-11T09:15:35.966Z] Attempt 1 to scrape https://www.amar.org.ir
[2025-08-11T09:15:36.154Z] Navigating to https://amar.org.ir/ with waitUntil=domcontentloaded
[2025-08-11T09:15:37.257Z] ERROR: Navigation failed for https://amar.org.ir/ (domcontentloaded): page.goto: net::ERR_CONNECTION_CLOSED at https://amar.org.ir/
Call log:
[2m  - navigating to "https://amar.org.ir/", waiting until "domcontentloaded"[22m

[2025-08-11T09:15:37.757Z] Navigating to https://amar.org.ir/ with waitUntil=load
[2025-08-11T09:15:38.437Z] ERROR: Navigation failed for https://amar.org.ir/ (load): page.goto: net::ERR_CONNECTION_CLOSED at https://amar.org.ir/
Call log:
[2m  - navigating to "https://amar.org.ir/", waiting until "load"[22m

[2025-08-11T09:15:38.937Z] Navigating to https://amar.org.ir/ with waitUntil=networkidle
[2025-08-11T09:15:39.621Z] ERROR: Navigation failed for https://amar.org.ir/ (networkidle): page.goto: net::ERR_CONNECTION_CLOSED at https://amar.org.ir/
Call log:
[2m  - navigating to "https://amar.org.ir/", waiting until "networkidle"[22m

[2025-08-11T09:15:40.121Z] Navigating to https://www.amar.org.ir/ with waitUntil=domcontentloaded
[2025-08-11T09:15:41.313Z] ERROR: Navigation failed for https://www.amar.org.ir/ (domcontentloaded): page.goto: net::ERR_CONNECTION_CLOSED at https://www.amar.org.ir/
Call log:
[2m  - navigating to "https://www.amar.org.ir/", waiting until "domcontentloaded"[22m

[2025-08-11T09:15:41.814Z] Navigating to https://www.amar.org.ir/ with waitUntil=load
[2025-08-11T09:15:42.718Z] ERROR: Navigation failed for https://www.amar.org.ir/ (load): page.goto: net::ERR_CONNECTION_CLOSED at https://www.amar.org.ir/
Call log:
[2m  - navigating to "https://www.amar.org.ir/", waiting until "load"[22m

[2025-08-11T09:15:43.218Z] Navigating to https://www.amar.org.ir/ with waitUntil=networkidle
[2025-08-11T09:15:43.893Z] ERROR: Navigation failed for https://www.amar.org.ir/ (networkidle): page.goto: net::ERR_CONNECTION_CLOSED at https://www.amar.org.ir/
Call log:
[2m  - navigating to "https://www.amar.org.ir/", waiting until "networkidle"[22m

[2025-08-11T09:15:44.394Z] Navigating to http://amar.org.ir/ with waitUntil=domcontentloaded
[2025-08-11T09:15:45.173Z] ERROR: Navigation failed for http://amar.org.ir/ (domcontentloaded): page.goto: net::ERR_EMPTY_RESPONSE at http://amar.org.ir/
Call log:
[2m  - navigating to "http://amar.org.ir/", waiting until "domcontentloaded"[22m

[2025-08-11T09:15:45.673Z] Navigating to http://amar.org.ir/ with waitUntil=load
[2025-08-11T09:15:46.006Z] ERROR: Navigation failed for http://amar.org.ir/ (load): page.goto: net::ERR_EMPTY_RESPONSE at http://amar.org.ir/
Call log:
[2m  - navigating to "http://amar.org.ir/", waiting until "load"[22m

[2025-08-11T09:15:46.506Z] Navigating to http://amar.org.ir/ with waitUntil=networkidle
[2025-08-11T09:15:46.851Z] ERROR: Navigation failed for http://amar.org.ir/ (networkidle): page.goto: net::ERR_EMPTY_RESPONSE at http://amar.org.ir/
Call log:
[2m  - navigating to "http://amar.org.ir/", waiting until "networkidle"[22m

[2025-08-11T09:15:47.352Z] Navigating to http://www.amar.org.ir/ with waitUntil=domcontentloaded
[2025-08-11T09:15:48.103Z] ERROR: Navigation failed for http://www.amar.org.ir/ (domcontentloaded): page.goto: net::ERR_EMPTY_RESPONSE at http://www.amar.org.ir/
Call log:
[2m  - navigating to "http://www.amar.org.ir/", waiting until "domcontentloaded"[22m

[2025-08-11T09:15:48.603Z] Navigating to http://www.amar.org.ir/ with waitUntil=load
[2025-08-11T09:15:48.958Z] ERROR: Navigation failed for http://www.amar.org.ir/ (load): page.goto: net::ERR_EMPTY_RESPONSE at http://www.amar.org.ir/
Call log:
[2m  - navigating to "http://www.amar.org.ir/", waiting until "load"[22m

[2025-08-11T09:15:49.457Z] Navigating to http://www.amar.org.ir/ with waitUntil=networkidle
[2025-08-11T09:15:49.810Z] ERROR: Navigation failed for http://www.amar.org.ir/ (networkidle): page.goto: net::ERR_EMPTY_RESPONSE at http://www.amar.org.ir/
Call log:
[2m  - navigating to "http://www.amar.org.ir/", waiting until "networkidle"[22m

[2025-08-11T09:15:50.309Z] Navigating to https://www.amar.org.ir with waitUntil=domcontentloaded
[2025-08-11T09:15:50.992Z] ERROR: Navigation failed for https://www.amar.org.ir (domcontentloaded): page.goto: net::ERR_CONNECTION_CLOSED at https://www.amar.org.ir/
Call log:
[2m  - navigating to "https://www.amar.org.ir/", waiting until "domcontentloaded"[22m

[2025-08-11T09:15:51.493Z] Navigating to https://www.amar.org.ir with waitUntil=load
[2025-08-11T09:15:52.517Z] ERROR: Navigation failed for https://www.amar.org.ir (load): page.goto: net::ERR_CONNECTION_CLOSED at https://www.amar.org.ir/
Call log:
[2m  - navigating to "https://www.amar.org.ir/", waiting until "load"[22m

[2025-08-11T09:15:53.018Z] Navigating to https://www.amar.org.ir with waitUntil=networkidle
[2025-08-11T09:15:53.668Z] ERROR: Navigation failed for https://www.amar.org.ir (networkidle): page.goto: net::ERR_CONNECTION_CLOSED at https://www.amar.org.ir/
Call log:
[2m  - navigating to "https://www.amar.org.ir/", waiting until "networkidle"[22m

[2025-08-11T09:15:54.169Z] ERROR: Attempt 1 failed: All navigation attempts failed for https://www.amar.org.ir
[2025-08-11T09:15:56.182Z] Attempt 2 to scrape https://www.amar.org.ir
[2025-08-11T09:15:56.248Z] Navigating to https://amar.org.ir/ with waitUntil=domcontentloaded
[2025-08-11T09:15:57.357Z] ERROR: Navigation failed for https://amar.org.ir/ (domcontentloaded): page.goto: net::ERR_CONNECTION_CLOSED at https://amar.org.ir/
Call log:
[2m  - navigating to "https://amar.org.ir/", waiting until "domcontentloaded"[22m

[2025-08-11T09:15:57.857Z] Navigating to https://amar.org.ir/ with waitUntil=load
[2025-08-11T09:15:58.546Z] ERROR: Navigation failed for https://amar.org.ir/ (load): page.goto: net::ERR_CONNECTION_CLOSED at https://amar.org.ir/
Call log:
[2m  - navigating to "https://amar.org.ir/", waiting until "load"[22m

[2025-08-11T09:15:59.047Z] Navigating to https://amar.org.ir/ with waitUntil=networkidle
[2025-08-11T09:15:59.734Z] ERROR: Navigation failed for https://amar.org.ir/ (networkidle): page.goto: net::ERR_CONNECTION_CLOSED at https://amar.org.ir/
Call log:
[2m  - navigating to "https://amar.org.ir/", waiting until "networkidle"[22m

[2025-08-11T09:16:00.235Z] Navigating to https://www.amar.org.ir/ with waitUntil=domcontentloaded
[2025-08-11T09:16:01.318Z] ERROR: Navigation failed for https://www.amar.org.ir/ (domcontentloaded): page.goto: net::ERR_CONNECTION_CLOSED at https://www.amar.org.ir/
Call log:
[2m  - navigating to "https://www.amar.org.ir/", waiting until "domcontentloaded"[22m

[2025-08-11T09:16:01.819Z] Navigating to https://www.amar.org.ir/ with waitUntil=load
[2025-08-11T09:16:02.773Z] ERROR: Navigation failed for https://www.amar.org.ir/ (load): page.goto: net::ERR_CONNECTION_CLOSED at https://www.amar.org.ir/
Call log:
[2m  - navigating to "https://www.amar.org.ir/", waiting until "load"[22m

[2025-08-11T09:16:03.273Z] Navigating to https://www.amar.org.ir/ with waitUntil=networkidle
[2025-08-11T09:16:33.273Z] ERROR: Navigation failed for https://www.amar.org.ir/ (networkidle): page.goto: Timeout 30000ms exceeded.
Call log:
[2m  - navigating to "https://www.amar.org.ir/", waiting until "networkidle"[22m

[2025-08-11T09:16:33.774Z] Navigating to http://amar.org.ir/ with waitUntil=domcontentloaded
[2025-08-11T09:16:34.297Z] ERROR: Navigation failed for http://amar.org.ir/ (domcontentloaded): page.goto: net::ERR_EMPTY_RESPONSE at http://amar.org.ir/
Call log:
[2m  - navigating to "http://amar.org.ir/", waiting until "domcontentloaded"[22m

[2025-08-11T09:16:34.798Z] Navigating to http://amar.org.ir/ with waitUntil=load
[2025-08-11T09:16:35.126Z] ERROR: Navigation failed for http://amar.org.ir/ (load): page.goto: net::ERR_EMPTY_RESPONSE at http://amar.org.ir/
Call log:
[2m  - navigating to "http://amar.org.ir/", waiting until "load"[22m

[2025-08-11T09:16:35.627Z] Navigating to http://amar.org.ir/ with waitUntil=networkidle
[2025-08-11T09:16:35.972Z] ERROR: Navigation failed for http://amar.org.ir/ (networkidle): page.goto: net::ERR_EMPTY_RESPONSE at http://amar.org.ir/
Call log:
[2m  - navigating to "http://amar.org.ir/", waiting until "networkidle"[22m

[2025-08-11T09:16:36.472Z] Navigating to http://www.amar.org.ir/ with waitUntil=domcontentloaded
[2025-08-11T09:16:37.229Z] ERROR: Navigation failed for http://www.amar.org.ir/ (domcontentloaded): page.goto: net::ERR_EMPTY_RESPONSE at http://www.amar.org.ir/
Call log:
[2m  - navigating to "http://www.amar.org.ir/", waiting until "domcontentloaded"[22m

[2025-08-11T09:16:37.728Z] Navigating to http://www.amar.org.ir/ with waitUntil=load
[2025-08-11T09:16:38.048Z] ERROR: Navigation failed for http://www.amar.org.ir/ (load): page.goto: net::ERR_EMPTY_RESPONSE at http://www.amar.org.ir/
Call log:
[2m  - navigating to "http://www.amar.org.ir/", waiting until "load"[22m

[2025-08-11T09:16:38.548Z] Navigating to http://www.amar.org.ir/ with waitUntil=networkidle
[2025-08-11T09:16:38.891Z] ERROR: Navigation failed for http://www.amar.org.ir/ (networkidle): page.goto: net::ERR_EMPTY_RESPONSE at http://www.amar.org.ir/
Call log:
[2m  - navigating to "http://www.amar.org.ir/", waiting until "networkidle"[22m

[2025-08-11T09:16:39.392Z] Navigating to https://www.amar.org.ir with waitUntil=domcontentloaded
[2025-08-11T09:17:09.392Z] ERROR: Navigation failed for https://www.amar.org.ir (domcontentloaded): page.goto: Timeout 30000ms exceeded.
Call log:
[2m  - navigating to "https://www.amar.org.ir/", waiting until "domcontentloaded"[22m

[2025-08-11T09:17:09.893Z] Navigating to https://www.amar.org.ir with waitUntil=load
[2025-08-11T09:17:39.892Z] ERROR: Navigation failed for https://www.amar.org.ir (load): page.goto: Timeout 30000ms exceeded.
Call log:
[2m  - navigating to "https://www.amar.org.ir/", waiting until "load"[22m

[2025-08-11T09:17:40.392Z] Navigating to https://www.amar.org.ir with waitUntil=networkidle
[2025-08-11T09:17:41.048Z] ERROR: Navigation failed for https://www.amar.org.ir (networkidle): page.goto: net::ERR_CONNECTION_CLOSED at https://www.amar.org.ir/
Call log:
[2m  - navigating to "https://www.amar.org.ir/", waiting until "networkidle"[22m

[2025-08-11T09:17:41.548Z] ERROR: Attempt 2 failed: All navigation attempts failed for https://www.amar.org.ir
[2025-08-11T09:17:43.562Z] Attempt 3 to scrape https://www.amar.org.ir
[2025-08-11T09:17:43.626Z] Navigating to https://amar.org.ir/ with waitUntil=domcontentloaded
[2025-08-11T09:18:13.626Z] ERROR: Navigation failed for https://amar.org.ir/ (domcontentloaded): page.goto: Timeout 30000ms exceeded.
Call log:
[2m  - navigating to "https://amar.org.ir/", waiting until "domcontentloaded"[22m

[2025-08-11T09:18:14.125Z] Navigating to https://amar.org.ir/ with waitUntil=load
[2025-08-11T09:18:14.812Z] ERROR: Navigation failed for https://amar.org.ir/ (load): page.goto: net::ERR_CONNECTION_CLOSED at https://amar.org.ir/
Call log:
[2m  - navigating to "https://amar.org.ir/", waiting until "load"[22m

[2025-08-11T09:18:15.312Z] Navigating to https://amar.org.ir/ with waitUntil=networkidle
[2025-08-11T09:18:16.025Z] ERROR: Navigation failed for https://amar.org.ir/ (networkidle): page.goto: net::ERR_CONNECTION_CLOSED at https://amar.org.ir/
Call log:
[2m  - navigating to "https://amar.org.ir/", waiting until "networkidle"[22m

[2025-08-11T09:18:16.526Z] Navigating to https://www.amar.org.ir/ with waitUntil=domcontentloaded
[2025-08-11T09:18:17.390Z] ERROR: Navigation failed for https://www.amar.org.ir/ (domcontentloaded): page.goto: net::ERR_CONNECTION_CLOSED at https://www.amar.org.ir/
Call log:
[2m  - navigating to "https://www.amar.org.ir/", waiting until "domcontentloaded"[22m

[2025-08-11T09:18:17.890Z] Navigating to https://www.amar.org.ir/ with waitUntil=load
[2025-08-11T09:18:18.576Z] ERROR: Navigation failed for https://www.amar.org.ir/ (load): page.goto: net::ERR_CONNECTION_CLOSED at https://www.amar.org.ir/
Call log:
[2m  - navigating to "https://www.amar.org.ir/", waiting until "load"[22m

[2025-08-11T09:18:19.077Z] Navigating to https://www.amar.org.ir/ with waitUntil=networkidle
[2025-08-11T09:18:19.752Z] ERROR: Navigation failed for https://www.amar.org.ir/ (networkidle): page.goto: net::ERR_CONNECTION_CLOSED at https://www.amar.org.ir/
Call log:
[2m  - navigating to "https://www.amar.org.ir/", waiting until "networkidle"[22m

[2025-08-11T09:18:20.252Z] Navigating to http://amar.org.ir/ with waitUntil=domcontentloaded
[2025-08-11T09:18:20.601Z] ERROR: Navigation failed for http://amar.org.ir/ (domcontentloaded): page.goto: net::ERR_EMPTY_RESPONSE at http://amar.org.ir/
Call log:
[2m  - navigating to "http://amar.org.ir/", waiting until "domcontentloaded"[22m

[2025-08-11T09:18:21.102Z] Navigating to http://amar.org.ir/ with waitUntil=load
[2025-08-11T09:18:21.448Z] ERROR: Navigation failed for http://amar.org.ir/ (load): page.goto: net::ERR_EMPTY_RESPONSE at http://amar.org.ir/
Call log:
[2m  - navigating to "http://amar.org.ir/", waiting until "load"[22m

[2025-08-11T09:18:21.948Z] Navigating to http://amar.org.ir/ with waitUntil=networkidle
[2025-08-11T09:18:22.292Z] ERROR: Navigation failed for http://amar.org.ir/ (networkidle): page.goto: net::ERR_EMPTY_RESPONSE at http://amar.org.ir/
Call log:
[2m  - navigating to "http://amar.org.ir/", waiting until "networkidle"[22m

[2025-08-11T09:18:22.791Z] Navigating to http://www.amar.org.ir/ with waitUntil=domcontentloaded
[2025-08-11T09:18:23.125Z] ERROR: Navigation failed for http://www.amar.org.ir/ (domcontentloaded): page.goto: net::ERR_EMPTY_RESPONSE at http://www.amar.org.ir/
Call log:
[2m  - navigating to "http://www.amar.org.ir/", waiting until "domcontentloaded"[22m

[2025-08-11T09:18:23.626Z] Navigating to http://www.amar.org.ir/ with waitUntil=load
[2025-08-11T09:18:23.970Z] ERROR: Navigation failed for http://www.amar.org.ir/ (load): page.goto: net::ERR_EMPTY_RESPONSE at http://www.amar.org.ir/
Call log:
[2m  - navigating to "http://www.amar.org.ir/", waiting until "load"[22m

[2025-08-11T09:18:24.470Z] Navigating to http://www.amar.org.ir/ with waitUntil=networkidle
[2025-08-11T09:18:24.824Z] ERROR: Navigation failed for http://www.amar.org.ir/ (networkidle): page.goto: net::ERR_EMPTY_RESPONSE at http://www.amar.org.ir/
Call log:
[2m  - navigating to "http://www.amar.org.ir/", waiting until "networkidle"[22m

[2025-08-11T09:18:25.324Z] Navigating to https://www.amar.org.ir with waitUntil=domcontentloaded
[2025-08-11T09:18:55.324Z] ERROR: Navigation failed for https://www.amar.org.ir (domcontentloaded): page.goto: Timeout 30000ms exceeded.
Call log:
[2m  - navigating to "https://www.amar.org.ir/", waiting until "domcontentloaded"[22m

[2025-08-11T09:18:55.825Z] Navigating to https://www.amar.org.ir with waitUntil=load
[2025-08-11T09:18:56.228Z] ERROR: Navigation failed for https://www.amar.org.ir (load): page.goto: net::ERR_SOCKET_NOT_CONNECTED at https://www.amar.org.ir/
Call log:
[2m  - navigating to "https://www.amar.org.ir/", waiting until "load"[22m

[2025-08-11T09:18:56.729Z] Navigating to https://www.amar.org.ir with waitUntil=networkidle
[2025-08-11T09:19:26.730Z] ERROR: Navigation failed for https://www.amar.org.ir (networkidle): page.goto: Timeout 30000ms exceeded.
Call log:
[2m  - navigating to "https://www.amar.org.ir/", waiting until "networkidle"[22m

[2025-08-11T09:19:27.229Z] ERROR: Attempt 3 failed: All navigation attempts failed for https://www.amar.org.ir
[2025-08-11T09:19:27.251Z] Finished scraping https://www.amar.org.ir with status RETRYING in 231285ms
