[2025-08-11T09:15:35.967Z] Attempt 1 to scrape https://www.moe.gov.ir
[2025-08-11T09:15:36.184Z] Navigating to https://moe.gov.ir/ with waitUntil=domcontentloaded
[2025-08-11T09:16:06.184Z] ERROR: Navigation failed for https://moe.gov.ir/ (domcontentloaded): page.goto: Timeout 30000ms exceeded.
Call log:
[2m  - navigating to "https://moe.gov.ir/", waiting until "domcontentloaded"[22m

[2025-08-11T09:16:06.685Z] Navigating to https://moe.gov.ir/ with waitUntil=load
[2025-08-11T09:16:36.685Z] ERROR: Navigation failed for https://moe.gov.ir/ (load): page.goto: Timeout 30000ms exceeded.
Call log:
[2m  - navigating to "https://moe.gov.ir/", waiting until "load"[22m

[2025-08-11T09:16:37.185Z] Navigating to https://moe.gov.ir/ with waitUntil=networkidle
[2025-08-11T09:17:07.185Z] ERROR: Navigation failed for https://moe.gov.ir/ (networkidle): page.goto: Timeout 30000ms exceeded.
Call log:
[2m  - navigating to "https://moe.gov.ir/", waiting until "networkidle"[22m

[2025-08-11T09:17:07.686Z] Navigating to https://www.moe.gov.ir/ with waitUntil=domcontentloaded
[2025-08-11T09:17:37.685Z] ERROR: Navigation failed for https://www.moe.gov.ir/ (domcontentloaded): page.goto: Timeout 30000ms exceeded.
Call log:
[2m  - navigating to "https://www.moe.gov.ir/", waiting until "domcontentloaded"[22m

[2025-08-11T09:17:38.186Z] Navigating to https://www.moe.gov.ir/ with waitUntil=load
[2025-08-11T09:18:08.186Z] ERROR: Navigation failed for https://www.moe.gov.ir/ (load): page.goto: Timeout 30000ms exceeded.
Call log:
[2m  - navigating to "https://www.moe.gov.ir/", waiting until "load"[22m

[2025-08-11T09:18:08.687Z] Navigating to https://www.moe.gov.ir/ with waitUntil=networkidle
[2025-08-11T09:18:38.687Z] ERROR: Navigation failed for https://www.moe.gov.ir/ (networkidle): page.goto: Timeout 30000ms exceeded.
Call log:
[2m  - navigating to "https://www.moe.gov.ir/", waiting until "networkidle"[22m

[2025-08-11T09:18:39.188Z] Navigating to http://moe.gov.ir/ with waitUntil=domcontentloaded
[2025-08-11T09:19:09.187Z] ERROR: Navigation failed for http://moe.gov.ir/ (domcontentloaded): page.goto: Timeout 30000ms exceeded.
Call log:
[2m  - navigating to "http://moe.gov.ir/", waiting until "domcontentloaded"[22m

[2025-08-11T09:19:09.688Z] Navigating to http://moe.gov.ir/ with waitUntil=load
[2025-08-11T09:19:39.687Z] ERROR: Navigation failed for http://moe.gov.ir/ (load): page.goto: Timeout 30000ms exceeded.
Call log:
[2m  - navigating to "http://moe.gov.ir/", waiting until "load"[22m

[2025-08-11T09:19:40.187Z] Navigating to http://moe.gov.ir/ with waitUntil=networkidle
[2025-08-11T09:20:10.187Z] ERROR: Navigation failed for http://moe.gov.ir/ (networkidle): page.goto: Timeout 30000ms exceeded.
Call log:
[2m  - navigating to "http://moe.gov.ir/", waiting until "networkidle"[22m

[2025-08-11T09:20:10.687Z] Navigating to http://www.moe.gov.ir/ with waitUntil=domcontentloaded
[2025-08-11T09:20:40.687Z] ERROR: Navigation failed for http://www.moe.gov.ir/ (domcontentloaded): page.goto: Timeout 30000ms exceeded.
Call log:
[2m  - navigating to "http://www.moe.gov.ir/", waiting until "domcontentloaded"[22m

[2025-08-11T09:20:41.187Z] Navigating to http://www.moe.gov.ir/ with waitUntil=load
[2025-08-11T09:21:04.269Z] ERROR: Navigation failed for http://www.moe.gov.ir/ (load): page.goto: net::ERR_ABORTED at http://www.moe.gov.ir/
Call log:
[2m  - navigating to "http://www.moe.gov.ir/", waiting until "load"[22m

