[2025-08-11T09:09:19.330Z] Attempt 1 to scrape https://www.moe.gov.ir
[2025-08-11T09:09:19.565Z] Navigating to https://moe.gov.ir/ with waitUntil=domcontentloaded
[2025-08-11T09:09:49.565Z] ERROR: Navigation failed for https://moe.gov.ir/ (domcontentloaded): page.goto: Timeout 30000ms exceeded.
Call log:
[2m  - navigating to "https://moe.gov.ir/", waiting until "domcontentloaded"[22m

[2025-08-11T09:09:50.065Z] Navigating to https://moe.gov.ir/ with waitUntil=load
[2025-08-11T09:10:20.065Z] ERROR: Navigation failed for https://moe.gov.ir/ (load): page.goto: Timeout 30000ms exceeded.
Call log:
[2m  - navigating to "https://moe.gov.ir/", waiting until "load"[22m

[2025-08-11T09:10:20.565Z] Navigating to https://moe.gov.ir/ with waitUntil=networkidle
[2025-08-11T09:10:50.565Z] ERROR: Navigation failed for https://moe.gov.ir/ (networkidle): page.goto: Timeout 30000ms exceeded.
Call log:
[2m  - navigating to "https://moe.gov.ir/", waiting until "networkidle"[22m

[2025-08-11T09:10:51.066Z] Navigating to https://www.moe.gov.ir/ with waitUntil=domcontentloaded
[2025-08-11T09:11:21.065Z] ERROR: Navigation failed for https://www.moe.gov.ir/ (domcontentloaded): page.goto: Timeout 30000ms exceeded.
Call log:
[2m  - navigating to "https://www.moe.gov.ir/", waiting until "domcontentloaded"[22m

[2025-08-11T09:11:21.565Z] Navigating to https://www.moe.gov.ir/ with waitUntil=load
[2025-08-11T09:11:51.565Z] ERROR: Navigation failed for https://www.moe.gov.ir/ (load): page.goto: Timeout 30000ms exceeded.
Call log:
[2m  - navigating to "https://www.moe.gov.ir/", waiting until "load"[22m

[2025-08-11T09:11:52.065Z] Navigating to https://www.moe.gov.ir/ with waitUntil=networkidle
[2025-08-11T09:12:22.064Z] ERROR: Navigation failed for https://www.moe.gov.ir/ (networkidle): page.goto: Timeout 30000ms exceeded.
Call log:
[2m  - navigating to "https://www.moe.gov.ir/", waiting until "networkidle"[22m

[2025-08-11T09:12:22.565Z] Navigating to http://moe.gov.ir/ with waitUntil=domcontentloaded
[2025-08-11T09:12:52.565Z] ERROR: Navigation failed for http://moe.gov.ir/ (domcontentloaded): page.goto: Timeout 30000ms exceeded.
Call log:
[2m  - navigating to "http://moe.gov.ir/", waiting until "domcontentloaded"[22m

[2025-08-11T09:12:53.066Z] Navigating to http://moe.gov.ir/ with waitUntil=load
[2025-08-11T09:13:23.065Z] ERROR: Navigation failed for http://moe.gov.ir/ (load): page.goto: Timeout 30000ms exceeded.
Call log:
[2m  - navigating to "http://moe.gov.ir/", waiting until "load"[22m

[2025-08-11T09:13:23.566Z] Navigating to http://moe.gov.ir/ with waitUntil=networkidle
[2025-08-11T09:13:53.566Z] ERROR: Navigation failed for http://moe.gov.ir/ (networkidle): page.goto: Timeout 30000ms exceeded.
Call log:
[2m  - navigating to "http://moe.gov.ir/", waiting until "networkidle"[22m

[2025-08-11T09:13:54.066Z] Navigating to http://www.moe.gov.ir/ with waitUntil=domcontentloaded
[2025-08-11T09:14:24.066Z] ERROR: Navigation failed for http://www.moe.gov.ir/ (domcontentloaded): page.goto: Timeout 30000ms exceeded.
Call log:
[2m  - navigating to "http://www.moe.gov.ir/", waiting until "domcontentloaded"[22m

[2025-08-11T09:14:24.566Z] Navigating to http://www.moe.gov.ir/ with waitUntil=load
[2025-08-11T09:14:54.566Z] ERROR: Navigation failed for http://www.moe.gov.ir/ (load): page.goto: Timeout 30000ms exceeded.
Call log:
[2m  - navigating to "http://www.moe.gov.ir/", waiting until "load"[22m

[2025-08-11T09:14:55.066Z] Navigating to http://www.moe.gov.ir/ with waitUntil=networkidle
