[2025-08-11T09:09:19.329Z] Attempt 1 to scrape https://www.tse.ir
[2025-08-11T09:09:19.553Z] Navigating to https://tse.ir/ with waitUntil=domcontentloaded
[2025-08-11T09:09:49.553Z] ERROR: Navigation failed for https://tse.ir/ (domcontentloaded): page.goto: Timeout 30000ms exceeded.
Call log:
[2m  - navigating to "https://tse.ir/", waiting until "domcontentloaded"[22m

[2025-08-11T09:09:50.054Z] Navigating to https://tse.ir/ with waitUntil=load
[2025-08-11T09:10:20.054Z] ERROR: Navigation failed for https://tse.ir/ (load): page.goto: Timeout 30000ms exceeded.
Call log:
[2m  - navigating to "https://tse.ir/", waiting until "load"[22m

[2025-08-11T09:10:20.554Z] Navigating to https://tse.ir/ with waitUntil=networkidle
[2025-08-11T09:10:50.554Z] ERROR: Navigation failed for https://tse.ir/ (networkidle): page.goto: Timeout 30000ms exceeded.
Call log:
[2m  - navigating to "https://tse.ir/", waiting until "networkidle"[22m

[2025-08-11T09:10:51.054Z] Navigating to https://www.tse.ir/ with waitUntil=domcontentloaded
[2025-08-11T09:11:21.055Z] ERROR: Navigation failed for https://www.tse.ir/ (domcontentloaded): page.goto: Timeout 30000ms exceeded.
Call log:
[2m  - navigating to "https://www.tse.ir/", waiting until "domcontentloaded"[22m

[2025-08-11T09:11:21.555Z] Navigating to https://www.tse.ir/ with waitUntil=load
[2025-08-11T09:11:51.556Z] ERROR: Navigation failed for https://www.tse.ir/ (load): page.goto: Timeout 30000ms exceeded.
Call log:
[2m  - navigating to "https://www.tse.ir/", waiting until "load"[22m

[2025-08-11T09:11:52.056Z] Navigating to https://www.tse.ir/ with waitUntil=networkidle
[2025-08-11T09:12:22.056Z] ERROR: Navigation failed for https://www.tse.ir/ (networkidle): page.goto: Timeout 30000ms exceeded.
Call log:
[2m  - navigating to "https://www.tse.ir/", waiting until "networkidle"[22m

[2025-08-11T09:12:22.557Z] Navigating to http://tse.ir/ with waitUntil=domcontentloaded
[2025-08-11T09:12:52.556Z] ERROR: Navigation failed for http://tse.ir/ (domcontentloaded): page.goto: Timeout 30000ms exceeded.
Call log:
[2m  - navigating to "http://tse.ir/", waiting until "domcontentloaded"[22m

[2025-08-11T09:12:53.056Z] Navigating to http://tse.ir/ with waitUntil=load
[2025-08-11T09:13:23.056Z] ERROR: Navigation failed for http://tse.ir/ (load): page.goto: Timeout 30000ms exceeded.
Call log:
[2m  - navigating to "http://tse.ir/", waiting until "load"[22m

[2025-08-11T09:13:23.556Z] Navigating to http://tse.ir/ with waitUntil=networkidle
[2025-08-11T09:13:53.555Z] ERROR: Navigation failed for http://tse.ir/ (networkidle): page.goto: Timeout 30000ms exceeded.
Call log:
[2m  - navigating to "http://tse.ir/", waiting until "networkidle"[22m

[2025-08-11T09:13:54.056Z] Navigating to http://www.tse.ir/ with waitUntil=domcontentloaded
[2025-08-11T09:14:24.055Z] ERROR: Navigation failed for http://www.tse.ir/ (domcontentloaded): page.goto: Timeout 30000ms exceeded.
Call log:
[2m  - navigating to "http://www.tse.ir/", waiting until "domcontentloaded"[22m

[2025-08-11T09:14:24.555Z] Navigating to http://www.tse.ir/ with waitUntil=load
[2025-08-11T09:14:54.554Z] ERROR: Navigation failed for http://www.tse.ir/ (load): page.goto: Timeout 30000ms exceeded.
Call log:
[2m  - navigating to "http://www.tse.ir/", waiting until "load"[22m

[2025-08-11T09:14:55.055Z] Navigating to http://www.tse.ir/ with waitUntil=networkidle
