[2025-08-11T09:15:35.966Z] Attempt 1 to scrape https://www.tse.ir
[2025-08-11T09:15:36.204Z] Navigating to https://tse.ir/ with waitUntil=domcontentloaded
[2025-08-11T09:16:06.204Z] ERROR: Navigation failed for https://tse.ir/ (domcontentloaded): page.goto: Timeout 30000ms exceeded.
Call log:
[2m  - navigating to "https://tse.ir/", waiting until "domcontentloaded"[22m

[2025-08-11T09:16:06.704Z] Navigating to https://tse.ir/ with waitUntil=load
[2025-08-11T09:16:36.703Z] ERROR: Navigation failed for https://tse.ir/ (load): page.goto: Timeout 30000ms exceeded.
Call log:
[2m  - navigating to "https://tse.ir/", waiting until "load"[22m

[2025-08-11T09:16:37.202Z] Navigating to https://tse.ir/ with waitUntil=networkidle
[2025-08-11T09:17:07.202Z] ERROR: Navigation failed for https://tse.ir/ (networkidle): page.goto: Timeout 30000ms exceeded.
Call log:
[2m  - navigating to "https://tse.ir/", waiting until "networkidle"[22m

[2025-08-11T09:17:07.702Z] Navigating to https://www.tse.ir/ with waitUntil=domcontentloaded
[2025-08-11T09:17:37.701Z] ERROR: Navigation failed for https://www.tse.ir/ (domcontentloaded): page.goto: Timeout 30000ms exceeded.
Call log:
[2m  - navigating to "https://www.tse.ir/", waiting until "domcontentloaded"[22m

[2025-08-11T09:17:38.201Z] Navigating to https://www.tse.ir/ with waitUntil=load
[2025-08-11T09:18:08.201Z] ERROR: Navigation failed for https://www.tse.ir/ (load): page.goto: Timeout 30000ms exceeded.
Call log:
[2m  - navigating to "https://www.tse.ir/", waiting until "load"[22m

[2025-08-11T09:18:08.700Z] Navigating to https://www.tse.ir/ with waitUntil=networkidle
[2025-08-11T09:18:38.700Z] ERROR: Navigation failed for https://www.tse.ir/ (networkidle): page.goto: Timeout 30000ms exceeded.
Call log:
[2m  - navigating to "https://www.tse.ir/", waiting until "networkidle"[22m

[2025-08-11T09:18:39.200Z] Navigating to http://tse.ir/ with waitUntil=domcontentloaded
[2025-08-11T09:19:09.200Z] ERROR: Navigation failed for http://tse.ir/ (domcontentloaded): page.goto: Timeout 30000ms exceeded.
Call log:
[2m  - navigating to "http://tse.ir/", waiting until "domcontentloaded"[22m

[2025-08-11T09:19:09.699Z] Navigating to http://tse.ir/ with waitUntil=load
[2025-08-11T09:19:39.699Z] ERROR: Navigation failed for http://tse.ir/ (load): page.goto: Timeout 30000ms exceeded.
Call log:
[2m  - navigating to "http://tse.ir/", waiting until "load"[22m

[2025-08-11T09:19:40.200Z] Navigating to http://tse.ir/ with waitUntil=networkidle
[2025-08-11T09:20:10.199Z] ERROR: Navigation failed for http://tse.ir/ (networkidle): page.goto: Timeout 30000ms exceeded.
Call log:
[2m  - navigating to "http://tse.ir/", waiting until "networkidle"[22m

[2025-08-11T09:20:10.700Z] Navigating to http://www.tse.ir/ with waitUntil=domcontentloaded
[2025-08-11T09:20:40.700Z] ERROR: Navigation failed for http://www.tse.ir/ (domcontentloaded): page.goto: Timeout 30000ms exceeded.
Call log:
[2m  - navigating to "http://www.tse.ir/", waiting until "domcontentloaded"[22m

[2025-08-11T09:20:41.201Z] Navigating to http://www.tse.ir/ with waitUntil=load
[2025-08-11T09:21:04.269Z] ERROR: Navigation failed for http://www.tse.ir/ (load): page.goto: net::ERR_ABORTED at http://www.tse.ir/
Call log:
[2m  - navigating to "http://www.tse.ir/", waiting until "load"[22m

