
> frontend@1.0.0 dev
> vite --port 5173 --port 5173


  VITE v4.5.14  ready in 179 ms

  ➜  Local:   http://localhost:5173/
  ➜  Network: http://172.30.0.2:5173/

> frontend@1.0.0 dev
> vite --port 5173 --port 5173


  VITE v4.5.14  ready in 172 ms

  ➜  Local:   http://localhost:5173/
  ➜  Network: http://172.30.0.2:5173/

> frontend@1.0.0 dev
> vite --port 5173 --port 5173


  VITE v4.5.14  ready in 182 ms

  ➜  Local:   http://localhost:5173/
  ➜  Network: http://172.30.0.2:5173/

> frontend@1.0.0 dev
> vite --port 5173 --port 5173


  VITE v4.5.14  ready in 184 ms

  ➜  Local:   http://localhost:5173/
  ➜  Network: http://172.30.0.2:5173/

> frontend@1.0.0 dev
> vite --port 5173 --port 5173


  VITE v4.5.14  ready in 177 ms

  ➜  Local:   http://localhost:5173/
  ➜  Network: http://172.30.0.2:5173/
